2024-09-13 23:35:44,212 [INFO] Activator:176 - 


2024-09-13 23:35:44,218 [INFO] Activator:177 - !SESSION log4j initialized
2024-09-13 23:35:51,769 [INFO] LogOutputStream:77 - [STDOUT_REDIRECT] 
2024-09-13 23:35:55,692 [INFO] ApplicationProperties:184 - Using Application install path: C:\ST\STM32CubeIDE_1.16.0\STM32CubeIDE\plugins\com.st.stm32cube.common.mx_6.12.0.202406281431
2024-09-13 23:35:55,710 [INFO] DbMcusXml:78 - Set database path to: C:\ST\STM32CubeIDE_1.16.0\STM32CubeIDE\plugins\com.st.stm32cube.common.mx_6.12.0.202406281431\\db\/mcu/
2024-09-13 23:35:55,710 [INFO] ApiDb:274 - Set plugin database path to: C:\ST\STM32CubeIDE_1.16.0\STM32CubeIDE\plugins\com.st.stm32cube.common.mx_6.12.0.202406281431\\db\/plugins/boardmanager/
2024-09-13 23:35:55,710 [WARN] ApiDb:259 - Overriding images path with different value:  => C:\ST\STM32CubeIDE_1.16.0\STM32CubeIDE\plugins\com.st.stm32cube.common.mx_6.12.0.202406281431\\db\/plugins/mcufinder/images/
2024-09-13 23:35:55,771 [INFO] ApiDb:250 - Set database path to: C:\Users\yasin\.stmcufinder\plugins\mcufinder//mcu/
2024-09-13 23:35:55,772 [INFO] DbMcusAds:125 - Set database path to: C:\Users\yasin\.stmcufinder\plugins\mcufinder//mcu/
2024-09-13 23:35:55,775 [INFO] CrossReferenceDbSqlite:203 - Set database path to: C:\Users\yasin\.stmcufinder\plugins\mcufinder//mcu/cs/
2024-09-13 23:35:55,900 [INFO] RulesReader:64 - Compatibility file has been processed (297 Rules)
2024-09-13 23:35:56,000 [INFO] DbMcusXml:78 - Set database path to: C:\ST\STM32CubeIDE_1.16.0\STM32CubeIDE\plugins\com.st.stm32cube.common.mx_6.12.0.202406281431\\db\/mcu/
2024-09-13 23:35:56,001 [INFO] ApiDb:274 - Set plugin database path to: C:\ST\STM32CubeIDE_1.16.0\STM32CubeIDE\plugins\com.st.stm32cube.common.mx_6.12.0.202406281431\\db\/plugins/boardmanager/
2024-09-13 23:35:56,001 [INFO] ApiDb:261 - Set plugin images path to: C:\ST\STM32CubeIDE_1.16.0\STM32CubeIDE\plugins\com.st.stm32cube.common.mx_6.12.0.202406281431\\db\/plugins/mcufinder/images/
2024-09-13 23:35:56,001 [WARN] DbFile:41 - Overriding database path with different value: C:\Users\yasin\.stmcufinder\plugins\mcufinder/ => C:\Users\yasin\.stmcufinder\plugins\mcufinder
2024-09-13 23:35:56,001 [INFO] ApiDb:250 - Set database path to: C:\Users\yasin\.stmcufinder\plugins\mcufinder//mcu/
2024-09-13 23:35:56,001 [WARN] DbFile:41 - Overriding database path with different value: C:\Users\yasin\.stmcufinder\plugins\mcufinder/ => C:\Users\yasin\.stmcufinder\plugins\mcufinder
2024-09-13 23:35:56,001 [INFO] DbMcusAds:125 - Set database path to: C:\Users\yasin\.stmcufinder\plugins\mcufinder//mcu/
2024-09-13 23:35:56,001 [WARN] DbFile:41 - Overriding database path with different value: C:\Users\yasin\.stmcufinder\plugins\mcufinder/ => C:\Users\yasin\.stmcufinder\plugins\mcufinder
2024-09-13 23:35:56,001 [WARN] DbFile:41 - Overriding database path with different value: C:\Users\yasin\.stmcufinder\plugins\mcufinder/ => C:\Users\yasin\.stmcufinder\plugins\mcufinder
2024-09-13 23:35:56,001 [INFO] CrossReferenceDbSqlite:203 - Set database path to: C:\Users\yasin\.stmcufinder\plugins\mcufinder//mcu/cs/
2024-09-13 23:35:56,086 [INFO] MainPanel:268 - HeapMemory: 268435456
2024-09-13 23:35:56,186 [INFO] DbMcusXml:78 - Set database path to: C:\ST\STM32CubeIDE_1.16.0\STM32CubeIDE\plugins\com.st.stm32cube.common.mx_6.12.0.202406281431\\db\/mcu/
2024-09-13 23:35:56,187 [INFO] ApiDb:274 - Set plugin database path to: C:\ST\STM32CubeIDE_1.16.0\STM32CubeIDE\plugins\com.st.stm32cube.common.mx_6.12.0.202406281431\\db\/plugins/boardmanager/
2024-09-13 23:35:56,187 [INFO] ApiDb:261 - Set plugin images path to: C:\ST\STM32CubeIDE_1.16.0\STM32CubeIDE\plugins\com.st.stm32cube.common.mx_6.12.0.202406281431\\db\/plugins/mcufinder/images/
2024-09-13 23:35:56,187 [WARN] DbFile:41 - Overriding database path with different value: C:\Users\yasin\.stmcufinder\plugins\mcufinder/ => C:\Users\yasin\.stmcufinder\plugins\mcufinder
2024-09-13 23:35:56,187 [INFO] ApiDb:250 - Set database path to: C:\Users\yasin\.stmcufinder\plugins\mcufinder//mcu/
2024-09-13 23:35:56,187 [WARN] DbFile:41 - Overriding database path with different value: C:\Users\yasin\.stmcufinder\plugins\mcufinder/ => C:\Users\yasin\.stmcufinder\plugins\mcufinder
2024-09-13 23:35:56,187 [INFO] DbMcusAds:125 - Set database path to: C:\Users\yasin\.stmcufinder\plugins\mcufinder//mcu/
2024-09-13 23:35:56,187 [WARN] DbFile:41 - Overriding database path with different value: C:\Users\yasin\.stmcufinder\plugins\mcufinder/ => C:\Users\yasin\.stmcufinder\plugins\mcufinder
2024-09-13 23:35:56,187 [WARN] DbFile:41 - Overriding database path with different value: C:\Users\yasin\.stmcufinder\plugins\mcufinder/ => C:\Users\yasin\.stmcufinder\plugins\mcufinder
2024-09-13 23:35:56,187 [INFO] CrossReferenceDbSqlite:203 - Set database path to: C:\Users\yasin\.stmcufinder\plugins\mcufinder//mcu/cs/
2024-09-13 23:35:56,205 [ERROR] ConfigurationRetriever:142 - IOException on connection: Read timed out
2024-09-13 23:35:56,237 [INFO] ApplicationProperties:184 - Using Application install path: C:\ST\STM32CubeIDE_1.16.0\STM32CubeIDE\plugins\com.st.stm32cube.common.mx_6.12.0.202406281431
2024-09-13 23:35:56,238 [INFO] PluginManage:196 - Search for loadable plugins [exclusion list=, ]
2024-09-13 23:35:56,239 [INFO] PluginManage:310 - Check plugin analytics
2024-09-13 23:35:56,399 [INFO] AnalyticsPlugin:253 - Accepted Software Licenses: STM32CubeMX.6.12.0
2024-09-13 23:35:56,399 [INFO] AnalyticsPlugin:255 - Accepted CMSIS Pack Licenses: STMicroelectronics.X-CUBE-TOF1.3.4.2,STMicroelectronics.X-CUBE-TOUCHGFX.4.24.0
2024-09-13 23:35:56,399 [INFO] AnalyticsPlugin:257 - Accepted Firmware Licenses: FW.H7.1.11.0,FW.F4.1.28.0,FW.F4.1.27.0
2024-09-13 23:35:56,401 [INFO] PluginManage:359 - Loaded plugin analytics (category:tool,tabindex:-1)
2024-09-13 23:35:56,402 [INFO] PluginManage:310 - Check plugin cadmodel
2024-09-13 23:35:56,417 [INFO] CADModel:105 - Init CAD model plugin
2024-09-13 23:35:56,418 [INFO] PluginManage:359 - Loaded plugin cadmodel (category:power,tabindex:5)
2024-09-13 23:35:56,418 [INFO] PluginManage:310 - Check plugin clock
2024-09-13 23:35:56,436 [INFO] PluginManage:359 - Loaded plugin clock (category:base,tabindex:2)
2024-09-13 23:35:56,436 [INFO] PluginManage:310 - Check plugin ddr
2024-09-13 23:35:56,439 [INFO] PluginManage:359 - Loaded plugin ddr (category:tool,tabindex:6)
2024-09-13 23:35:56,439 [INFO] PluginManage:310 - Check plugin filemanager
2024-09-13 23:35:56,588 [INFO] PluginManage:359 - Loaded plugin filemanager (category:base,tabindex:10)
2024-09-13 23:35:56,589 [INFO] PluginManage:310 - Check plugin ipmanager
2024-09-13 23:35:56,597 [INFO] PluginManage:359 - Loaded plugin ipmanager (category:base,tabindex:5)
2024-09-13 23:35:56,597 [INFO] PluginManage:310 - Check plugin lpbam
2024-09-13 23:35:56,615 [INFO] PluginManage:359 - Loaded plugin lpbam (category:base,tabindex:0)
2024-09-13 23:35:56,615 [INFO] PluginManage:310 - Check plugin memorymap
2024-09-13 23:35:56,641 [INFO] PluginManage:359 - Loaded plugin memorymap (category:base,tabindex:4)
2024-09-13 23:35:56,641 [INFO] PluginManage:310 - Check plugin pinoutandconfiguration
2024-09-13 23:35:56,660 [INFO] PluginManage:359 - Loaded plugin pinoutandconfiguration (category:base,tabindex:1)
2024-09-13 23:35:56,660 [INFO] PluginManage:310 - Check plugin pinoutconfig
2024-09-13 23:35:56,751 [WARN] SupportedApi:132 - Cannot load RTOS API schema: s4s-elt-must-match.1: The content of 'definitions' must match (annotation?, (simpleType | complexType)?, (unique | key | keyref)*)). A problem was found starting at: attribute.
2024-09-13 23:35:56,899 [INFO] PluginManage:359 - Loaded plugin pinoutconfig (category:base,tabindex:0)
2024-09-13 23:35:56,899 [INFO] PluginManage:310 - Check plugin power
2024-09-13 23:35:56,938 [INFO] PluginManage:359 - Loaded plugin power (category:power,tabindex:4)
2024-09-13 23:35:56,938 [INFO] PluginManage:310 - Check plugin projectmanager
2024-09-13 23:35:56,957 [INFO] PluginManage:359 - Loaded plugin projectmanager (category:projectmanager,tabindex:4)
2024-09-13 23:35:56,957 [INFO] PluginManage:310 - Check plugin rif
2024-09-13 23:35:56,974 [INFO] PluginManage:359 - Loaded plugin rif (category:base,tabindex:3)
2024-09-13 23:35:56,974 [INFO] PluginManage:310 - Check plugin thirdparty
2024-09-13 23:35:57,334 [INFO] PluginManage:359 - Loaded plugin thirdparty (category:base,tabindex:-1)
2024-09-13 23:35:57,334 [INFO] PluginManage:310 - Check plugin tools
2024-09-13 23:35:57,334 [WARN] IntegrityCheckThread:84 - waiting for thirdparty lock release [integrity check]
2024-09-13 23:35:57,334 [INFO] IntegrityCheckThread:86 - entering critical section [integrity check]
2024-09-13 23:35:57,334 [INFO] ThirdPartyUpdaterWithRetryManager:70 - Updater plugin not ready yet. [1/15]
2024-09-13 23:35:57,378 [INFO] PluginManage:359 - Loaded plugin tools (category:base,tabindex:7)
2024-09-13 23:35:57,378 [INFO] PluginManage:310 - Check plugin tutovideos
2024-09-13 23:35:57,553 [INFO] PluginManage:359 - Loaded plugin tutovideos (category:base,tabindex:-1)
2024-09-13 23:35:57,553 [INFO] PluginManage:310 - Check plugin updater
2024-09-13 23:35:57,570 [INFO] PluginManage:359 - Loaded plugin updater (category:base,tabindex:12)
2024-09-13 23:35:57,570 [INFO] PluginManage:310 - Check plugin userauth
2024-09-13 23:35:57,575 [INFO] UserAuth:113 - Init User Auth plugin
2024-09-13 23:35:57,575 [INFO] PluginManage:359 - Loaded plugin userauth (category:base,tabindex:14)
2024-09-13 23:35:57,575 [INFO] PluginManage:283 - PluginManage : Loaded plugins [18]
2024-09-13 23:35:57,764 [INFO] PinOutPanel:1561 - setPackage(No Configuration,No Configuration)
2024-09-13 23:35:57,862 [INFO] CADModel:165 - CPN selected for project level
2024-09-13 23:35:57,863 [INFO] CADModel:114 - Register for checkConnection events
2024-09-13 23:35:57,886 [INFO] IPUIPlugin:80 - create IPUIPlugin
2024-09-13 23:35:57,886 [INFO] PluginManager:220 - loadIPPluginJar : add adc
2024-09-13 23:35:57,924 [INFO] IPUIPlugin:80 - create IPUIPlugin
2024-09-13 23:35:57,924 [INFO] PluginManager:220 - loadIPPluginJar : add aes
2024-09-13 23:35:57,966 [INFO] IPUIPlugin:80 - create IPUIPlugin
2024-09-13 23:35:57,967 [INFO] PluginManager:220 - loadIPPluginJar : add can
2024-09-13 23:35:58,008 [INFO] IPUIPlugin:80 - create IPUIPlugin
2024-09-13 23:35:58,008 [INFO] PluginManager:220 - loadIPPluginJar : add comp
2024-09-13 23:35:58,043 [INFO] IPUIPlugin:80 - create IPUIPlugin
2024-09-13 23:35:58,043 [INFO] PluginManager:220 - loadIPPluginJar : add cryp
2024-09-13 23:35:58,054 [INFO] IPUIPlugin:80 - create IPUIPlugin
2024-09-13 23:35:58,054 [INFO] PluginManager:220 - loadIPPluginJar : add ddr_ctrl_phy
2024-09-13 23:35:58,088 [INFO] IPUIPlugin:80 - create IPUIPlugin
2024-09-13 23:35:58,088 [INFO] PluginManager:220 - loadIPPluginJar : add dfsdm
2024-09-13 23:35:58,102 [INFO] IPUIPlugin:80 - create IPUIPlugin
2024-09-13 23:35:58,102 [INFO] PluginManager:220 - loadIPPluginJar : add dma
2024-09-13 23:35:58,148 [INFO] IPUIPlugin:80 - create IPUIPlugin
2024-09-13 23:35:58,148 [INFO] PluginManager:220 - loadIPPluginJar : add dma3
2024-09-13 23:35:58,194 [INFO] IPUIPlugin:80 - create IPUIPlugin
2024-09-13 23:35:58,194 [INFO] PluginManager:220 - loadIPPluginJar : add extmemmanager
2024-09-13 23:35:58,216 [INFO] IPUIPlugin:80 - create IPUIPlugin
2024-09-13 23:35:58,216 [INFO] PluginManager:220 - loadIPPluginJar : add fatfs
2024-09-13 23:35:58,279 [INFO] IPUIPlugin:80 - create IPUIPlugin
2024-09-13 23:35:58,279 [INFO] PluginManager:220 - loadIPPluginJar : add fmc
2024-09-13 23:35:58,293 [INFO] IPUIPlugin:80 - create IPUIPlugin
2024-09-13 23:35:58,294 [INFO] PluginManager:220 - loadIPPluginJar : add freertos
2024-09-13 23:35:58,315 [INFO] IPUIPlugin:80 - create IPUIPlugin
2024-09-13 23:35:58,315 [INFO] PluginManager:220 - loadIPPluginJar : add genericplugin
2024-09-13 23:35:58,415 [INFO] IPUIPlugin:80 - create IPUIPlugin
2024-09-13 23:35:58,415 [INFO] PluginManager:220 - loadIPPluginJar : add gfxmmu
2024-09-13 23:35:58,553 [INFO] IPUIPlugin:80 - create IPUIPlugin
2024-09-13 23:35:58,553 [INFO] PluginManager:220 - loadIPPluginJar : add gic
2024-09-13 23:35:58,567 [INFO] IPUIPlugin:80 - create IPUIPlugin
2024-09-13 23:35:58,568 [INFO] PluginManager:220 - loadIPPluginJar : add gpio
2024-09-13 23:35:58,676 [INFO] IPUIPlugin:80 - create IPUIPlugin
2024-09-13 23:35:58,676 [INFO] PluginManager:220 - loadIPPluginJar : add gtzc
2024-09-13 23:35:58,713 [INFO] IPUIPlugin:80 - create IPUIPlugin
2024-09-13 23:35:58,713 [INFO] PluginManager:220 - loadIPPluginJar : add hash
2024-09-13 23:35:58,768 [INFO] IPUIPlugin:80 - create IPUIPlugin
2024-09-13 23:35:58,769 [INFO] PluginManager:220 - loadIPPluginJar : add i2c
2024-09-13 23:35:58,811 [INFO] IPUIPlugin:80 - create IPUIPlugin
2024-09-13 23:35:58,811 [INFO] PluginManager:220 - loadIPPluginJar : add i2s
2024-09-13 23:35:58,854 [INFO] IPUIPlugin:80 - create IPUIPlugin
2024-09-13 23:35:58,854 [INFO] PluginManager:220 - loadIPPluginJar : add i3c
2024-09-13 23:35:58,960 [INFO] IPUIPlugin:80 - create IPUIPlugin
2024-09-13 23:35:58,960 [INFO] PluginManager:220 - loadIPPluginJar : add ipddr
2024-09-13 23:35:59,056 [INFO] IPUIPlugin:80 - create IPUIPlugin
2024-09-13 23:35:59,056 [INFO] PluginManager:220 - loadIPPluginJar : add linkedlist
2024-09-13 23:35:59,101 [INFO] IPUIPlugin:80 - create IPUIPlugin
2024-09-13 23:35:59,101 [INFO] PluginManager:220 - loadIPPluginJar : add lorawan
2024-09-13 23:35:59,140 [INFO] IPUIPlugin:80 - create IPUIPlugin
2024-09-13 23:35:59,140 [INFO] PluginManager:220 - loadIPPluginJar : add ltdc
2024-09-13 23:35:59,160 [INFO] IPUIPlugin:80 - create IPUIPlugin
2024-09-13 23:35:59,160 [INFO] PluginManager:220 - loadIPPluginJar : add mdma
2024-09-13 23:35:59,173 [INFO] IPUIPlugin:80 - create IPUIPlugin
2024-09-13 23:35:59,173 [INFO] PluginManager:220 - loadIPPluginJar : add nvic
2024-09-13 23:35:59,211 [INFO] IPUIPlugin:80 - create IPUIPlugin
2024-09-13 23:35:59,211 [INFO] PluginManager:220 - loadIPPluginJar : add opamp
2024-09-13 23:35:59,223 [ERROR] ConfigurationRetriever:142 - IOException on connection: Read timed out
2024-09-13 23:35:59,280 [INFO] IPUIPlugin:80 - create IPUIPlugin
2024-09-13 23:35:59,280 [INFO] PluginManager:220 - loadIPPluginJar : add openamp
2024-09-13 23:35:59,334 [INFO] IPUIPlugin:80 - create IPUIPlugin
2024-09-13 23:35:59,334 [INFO] PluginManager:220 - loadIPPluginJar : add pdm2pcm
2024-09-13 23:35:59,347 [INFO] IPUIPlugin:80 - create IPUIPlugin
2024-09-13 23:35:59,349 [INFO] PluginManager:220 - loadIPPluginJar : add plateformsettings
2024-09-13 23:35:59,372 [INFO] IPUIPlugin:80 - create IPUIPlugin
2024-09-13 23:35:59,372 [INFO] PluginManager:220 - loadIPPluginJar : add quadspi
2024-09-13 23:35:59,400 [INFO] IPUIPlugin:80 - create IPUIPlugin
2024-09-13 23:35:59,409 [INFO] PluginManager:220 - loadIPPluginJar : add radio
2024-09-13 23:35:59,421 [INFO] IPUIPlugin:80 - create IPUIPlugin
2024-09-13 23:35:59,421 [INFO] PluginManager:220 - loadIPPluginJar : add resmgrutility
2024-09-13 23:35:59,472 [INFO] IPUIPlugin:80 - create IPUIPlugin
2024-09-13 23:35:59,472 [INFO] PluginManager:220 - loadIPPluginJar : add sai
2024-09-13 23:35:59,512 [INFO] IPUIPlugin:80 - create IPUIPlugin
2024-09-13 23:35:59,512 [INFO] PluginManager:220 - loadIPPluginJar : add spi
2024-09-13 23:35:59,585 [INFO] IPUIPlugin:80 - create IPUIPlugin
2024-09-13 23:35:59,585 [INFO] PluginManager:220 - loadIPPluginJar : add stm32_wpan
2024-09-13 23:35:59,611 [INFO] IPUIPlugin:80 - create IPUIPlugin
2024-09-13 23:35:59,611 [INFO] PluginManager:220 - loadIPPluginJar : add tim
2024-09-13 23:35:59,674 [INFO] IPUIPlugin:80 - create IPUIPlugin
2024-09-13 23:35:59,674 [INFO] PluginManager:220 - loadIPPluginJar : add touchsensing
2024-09-13 23:35:59,697 [INFO] IPUIPlugin:80 - create IPUIPlugin
2024-09-13 23:35:59,697 [INFO] PluginManager:220 - loadIPPluginJar : add tracer_emb
2024-09-13 23:35:59,721 [INFO] IPUIPlugin:80 - create IPUIPlugin
2024-09-13 23:35:59,721 [INFO] PluginManager:220 - loadIPPluginJar : add ts
2024-09-13 23:35:59,744 [INFO] IPUIPlugin:80 - create IPUIPlugin
2024-09-13 23:35:59,744 [INFO] PluginManager:220 - loadIPPluginJar : add tsc
2024-09-13 23:35:59,767 [INFO] IPUIPlugin:80 - create IPUIPlugin
2024-09-13 23:35:59,767 [INFO] PluginManager:220 - loadIPPluginJar : add ucpd
2024-09-13 23:35:59,816 [INFO] IPUIPlugin:80 - create IPUIPlugin
2024-09-13 23:35:59,816 [INFO] PluginManager:220 - loadIPPluginJar : add usart
2024-09-13 23:35:59,861 [INFO] IPUIPlugin:80 - create IPUIPlugin
2024-09-13 23:35:59,862 [INFO] PluginManager:220 - loadIPPluginJar : add usbx
2024-09-13 23:35:59,982 [INFO] CADModel:165 - CPN selected for project level
2024-09-13 23:35:59,982 [INFO] CADModel:114 - Register for checkConnection events
2024-09-13 23:35:59,982 [FATAL] Updater:334 - Updater called before beeing initialized
2024-09-13 23:35:59,982 [ERROR] CADModel:125 - Updater not yet initialized, retry later 
2024-09-13 23:36:00,119 [INFO] CADModel:165 - CPN selected for project level
2024-09-13 23:36:00,119 [INFO] CADModel:114 - Register for checkConnection events
2024-09-13 23:36:00,119 [FATAL] Updater:334 - Updater called before beeing initialized
2024-09-13 23:36:00,119 [ERROR] CADModel:125 - Updater not yet initialized, retry later 
2024-09-13 23:36:00,122 [FATAL] Updater:334 - Updater called before beeing initialized
2024-09-13 23:36:00,231 [FATAL] Updater:334 - Updater called before beeing initialized
2024-09-13 23:36:00,241 [INFO] DbMcusAds:53 - JSON generation date=Thu May 16 11:22:00 CEST 2024 (1715851320667)
2024-09-13 23:36:00,241 [FATAL] Updater:334 - Updater called before beeing initialized
2024-09-13 23:36:00,284 [WARN] DetailPanel:346 - Failed to get advertising image, set to default
2024-09-13 23:36:00,337 [INFO] ThirdPartyUpdaterWithRetryManager:70 - Updater plugin not ready yet. [2/15]
2024-09-13 23:36:00,376 [FATAL] Updater:334 - Updater called before beeing initialized
2024-09-13 23:36:00,377 [FATAL] Updater:334 - Updater called before beeing initialized
2024-09-13 23:36:00,378 [FATAL] Updater:334 - Updater called before beeing initialized
2024-09-13 23:36:00,378 [WARN] DetailPanel:346 - Failed to get advertising image, set to default
2024-09-13 23:36:00,378 [FATAL] Updater:334 - Updater called before beeing initialized
2024-09-13 23:36:00,434 [ERROR] Updater:1164 - MainUpdater not yet initialized. External WinMGr cannot be set.
2024-09-13 23:36:00,444 [INFO] Updater:1100 - Updater Version found : 6.12.0
2024-09-13 23:36:00,458 [INFO] ApplicationProperties:184 - Using Application install path: C:\ST\STM32CubeIDE_1.16.0\STM32CubeIDE\plugins\com.st.stm32cube.common.mx_6.12.0.202406281431
2024-09-13 23:36:02,040 [ERROR] LogOutputStream:75 - [STDERR_REDIRECT] Sep 13, 2024 11:36:02 PM java.util.prefs.WindowsPreferences <init>
2024-09-13 23:36:02,041 [ERROR] LogOutputStream:75 - [STDERR_REDIRECT] WARNING: Could not open/create prefs root node Software\JavaSoft\Prefs at root 0xffffffff80000002. Windows RegCreateKeyEx(...) returned error code 5.
2024-09-13 23:36:02,042 [ERROR] LogOutputStream:75 - [STDERR_REDIRECT] 
2024-09-13 23:36:03,340 [FATAL] Updater:334 - Updater called before beeing initialized
2024-09-13 23:36:03,340 [ERROR] IntegrityCheckThread:130 - Cannot retrieve database content from updater: error 21
2024-09-13 23:36:03,340 [INFO] ThirdParty:978 - Integrity check success = false
2024-09-13 23:36:03,340 [INFO] IntegrityCheckThread:100 - exiting critical section [integrity check]
2024-09-13 23:36:03,340 [INFO] IntegrityCheckThread:103 - End integrity checks thread
2024-09-13 23:36:05,617 [INFO] MainUpdater:2873 - connection check result : 10
2024-09-13 23:36:05,617 [INFO] MainUpdater:3567 - Updater definition file requires update
2024-09-13 23:36:05,618 [INFO] MainUpdater:290 - Updater Check For Update Now.
2024-09-13 23:36:05,618 [INFO] MicroXplorer:498 - Change Database Version : DB.6.0.120
2024-09-13 23:36:05,635 [INFO] McuFinderGlobals:63 - Set McuFinder mode to 2 (CubeIDE integrated)
2024-09-13 23:36:05,641 [INFO] UserAuth:417 - Internet connection configuration mode: 1
2024-09-13 23:36:05,671 [INFO] JxBrowserEngine:152 - Initiate JxBrowser Engine with user profile folder
2024-09-13 23:36:06,582 [INFO] ServerAccessManage:473 - Download File updaters.zip
2024-09-13 23:36:06,663 [INFO] FileExtend:240 - Unzip File : updaters.zip
2024-09-13 23:36:06,664 [INFO] FileExtend:255 - Standard Zip Deflate
2024-09-13 23:36:08,590 [INFO] ServerAccessManage:473 - Download File PacksControlFlags.xml
2024-09-13 23:36:08,672 [INFO] ServerAccessManage:473 - Download File cubemx.pidx
2024-09-13 23:36:09,636 [INFO] ServerAccessManage:473 - Download File STMicroelectronics.X-CUBE-GNSS1.pdsc
2024-09-13 23:36:10,695 [ERROR] ServerAccessManage:1089 - Problem, file not found on Server
2024-09-13 23:36:10,828 [ERROR] ServerAccessManage:1089 - Problem, file not found on Server
2024-09-13 23:36:10,959 [ERROR] ServerAccessManage:1089 - Problem, file not found on Server
2024-09-13 23:36:11,100 [ERROR] ServerAccessManage:1089 - Problem, file not found on Server
2024-09-13 23:36:11,242 [ERROR] ServerAccessManage:1089 - Problem, file not found on Server
2024-09-13 23:36:11,375 [ERROR] ServerAccessManage:1089 - Problem, file not found on Server
2024-09-13 23:36:13,063 [WARN] PackLoader:240 - Cannot read IP mode file for STMicroelectronics.X-CUBE-GNSS1.7.0.0
2024-09-13 23:36:13,070 [INFO] PopulateThirdPartyThread:66 - Ending populate Thread
2024-09-13 23:36:13,072 [INFO] ThirdParty:1030 - CMSIS Pack Vendor :STMicroelectronics X-CUBE-GNSS1 7.0.0
2024-09-13 23:36:13,073 [INFO] LoadServerUpdatesThread:375 - End of LoadServerUpdate Thread
2024-09-13 23:36:13,240 [INFO] CheckServerUpdateThread:120 - End of CheckServer Thread
2024-09-13 23:36:13,500 [INFO] WebApp:167 - Instantiating new browser for Auth
2024-09-13 23:36:15,233 [INFO] WebApp:448 - Apply proxy settings
2024-09-13 23:36:15,234 [INFO] WebApp:533 - Chromium requires no authentication
2024-09-13 23:36:15,244 [INFO] WebApp:476 - Direct internet connection detected
2024-09-13 23:36:15,270 [INFO] WebApp:869 - Register for checkConnection events
2024-09-13 23:36:15,271 [INFO] WebApp:448 - Apply proxy settings
2024-09-13 23:36:15,271 [INFO] WebApp:533 - Chromium requires no authentication
2024-09-13 23:36:15,271 [INFO] WebApp:476 - Direct internet connection detected
2024-09-13 23:36:15,675 [INFO] WebApp:186 - Connection restablished
2024-09-13 23:36:15,690 [INFO] WebApp:220 - Starting web application
2024-09-13 23:36:15,690 [INFO] WebApp:578 - Web application path used C:\ST\STM32CubeIDE_1.16.0\STM32CubeIDE\plugins\com.st.stm32cube.common.mx_6.12.0.202406281431\db\plugins\mcufinder\reactClient1\index.html
2024-09-13 23:36:18,973 [INFO] UserAuth:417 - Internet connection configuration mode: 1
